#
# There is insufficient memory for the Java Runtime Environment to continue.
# Native memory allocation (malloc) failed to allocate 253136 bytes for Chunk::new
# Possible reasons:
#   The system is out of physical RAM or swap space
#   The process is running with CompressedOops enabled, and the Java Heap may be blocking the growth of the native heap
# Possible solutions:
#   Reduce memory load on the system
#   Increase physical memory or swap space
#   Check if swap backing store is full
#   Decrease Java heap size (-Xmx/-Xms)
#   Decrease number of Java threads
#   Decrease Java thread stack sizes (-Xss)
#   Set larger code cache with -XX:ReservedCodeCacheSize=
#   JVM is running with Unscaled Compressed Oops mode in which the Java heap is
#     placed in the first 4GB address space. The Java Heap base address is the
#     maximum limit for the native heap growth. Please use -XX:HeapBaseMinAddress
#     to set the Java Heap base and to place the Java Heap above 4GB virtual address.
# This output file may be truncated or incomplete.
#
#  Out of Memory Error (allocation.cpp:389), pid=1156, tid=0x0000000000004d00
#
# JRE version: Java(TM) SE Runtime Environment (8.0_251-b08) (build 1.8.0_251-b08)
# Java VM: Java HotSpot(TM) 64-Bit Server VM (25.251-b08 mixed mode windows-amd64 compressed oops)
# Failed to write core dump. Minidumps are not enabled by default on client versions of Windows
#

---------------  T H R E A D  ---------------

Current thread (0x0000000019ae1000):  JavaThread "C2 CompilerThread2" daemon [_thread_in_native, id=19712, stack(0x000000001a7e0000,0x000000001a8e0000)]

Stack: [0x000000001a7e0000,0x000000001a8e0000]
[error occurred during error reporting (printing stack bounds), id 0xc0000005]

Native frames: (J=compiled Java code, j=interpreted, Vv=VM code, C=native code)


Current CompileTask:
C2:   2353 1314       4       org.eclipse.jdt.launching.internal.org.objectweb.asm.ClassReader::readMethod (1061 bytes)


---------------  P R O C E S S  ---------------

Java Threads: ( => current thread )
  0x000000001adda000 JavaThread "ReaderThread" [_thread_in_native, id=13184, stack(0x000000001b3e0000,0x000000001b4e0000)]
  0x0000000019b91000 JavaThread "Service Thread" daemon [_thread_blocked, id=23892, stack(0x000000001a9e0000,0x000000001aae0000)]
  0x0000000019ae1800 JavaThread "C1 CompilerThread3" daemon [_thread_blocked, id=14324, stack(0x000000001a8e0000,0x000000001a9e0000)]
=>0x0000000019ae1000 JavaThread "C2 CompilerThread2" daemon [_thread_in_native, id=19712, stack(0x000000001a7e0000,0x000000001a8e0000)]
  0x0000000019adf000 JavaThread "C2 CompilerThread1" daemon [_thread_in_native, id=20760, stack(0x000000001a6e0000,0x000000001a7e0000)]
  0x0000000019ada000 JavaThread "C2 CompilerThread0" daemon [_thread_blocked, id=23464, stack(0x000000001a5e0000,0x000000001a6e0000)]
  0x00000000197eb000 JavaThread "JDWP Command Reader" daemon [_thread_in_native, id=24444, stack(0x000000001a4e0000,0x000000001a5e0000)]
  0x00000000197e6000 JavaThread "JDWP Event Helper Thread" daemon [_thread_blocked, id=824, stack(0x000000001a3e0000,0x000000001a4e0000)]
  0x00000000197d7000 JavaThread "JDWP Transport Listener: dt_socket" daemon [_thread_blocked, id=7080, stack(0x000000001a2e0000,0x000000001a3e0000)]
  0x00000000197cd000 JavaThread "Attach Listener" daemon [_thread_blocked, id=18928, stack(0x0000000019ea0000,0x0000000019fa0000)]
  0x00000000197cc000 JavaThread "Signal Dispatcher" daemon [_thread_blocked, id=7412, stack(0x0000000019da0000,0x0000000019ea0000)]
  0x00000000197c0800 JavaThread "Finalizer" daemon [_thread_blocked, id=8792, stack(0x0000000019ba0000,0x0000000019ca0000)]
  0x000000000325b000 JavaThread "Reference Handler" daemon [_thread_blocked, id=21800, stack(0x00000000196a0000,0x00000000197a0000)]
  0x0000000003164800 JavaThread "main" [_thread_blocked, id=24524, stack(0x0000000002e90000,0x0000000002f90000)]

Other Threads:
  0x00000000178da000 VMThread [stack: 0x00000000195a0000,0x00000000196a0000] [id=10740]
  0x0000000019b99800 WatcherThread [stack: 0x000000001b2e0000,0x000000001b3e0000] [id=13452]

VM state:at safepoint (normal execution)

VM Mutex/Monitor currently owned by a thread:  ([mutex/lock_event])
[0x0000000003162450] Threads_lock - owner thread: 0x00000000178da000
[0x00000000031635e0] Heap_lock - owner thread: 0x0000000003164800

heap address: 0x0000000091000000, size: 1776 MB, Compressed Oops mode: 32-bit
Narrow klass base: 0x0000000000000000, Narrow klass shift: 3
Compressed class space size: 1073741824 Address: 0x0000000100000000

Heap:
 PSYoungGen      total 33280K, used 2112K [0x00000000db000000, 0x00000000dd500000, 0x0000000100000000)
  eden space 28672K, 0% used [0x00000000db000000,0x00000000db000000,0x00000000dcc00000)
  from space 4608K, 45% used [0x00000000dd080000,0x00000000dd290250,0x00000000dd500000)
  to   space 4608K, 0% used [0x00000000dcc00000,0x00000000dcc00000,0x00000000dd080000)
 ParOldGen       total 49664K, used 2383K [0x0000000091000000, 0x0000000094080000, 0x00000000db000000)
  object space 49664K, 4% used [0x0000000091000000,0x0000000091253f78,0x0000000094080000)
 Metaspace       used 13102K, capacity 13826K, committed 13952K, reserved 1069056K
  class space    used 1632K, capacity 1811K, committed 1920K, reserved 1048576K

Card table byte_map: [0x0000000012620000,0x00000000129a0000] byte_map_base: 0x0000000012198000

Marking Bits: (ParMarkBitMap*) 0x000000006f36af90
 Begin Bits: [0x00000000133f0000, 0x0000000014fb0000)
 End Bits:   [0x0000000014fb0000, 0x0000000016b70000)

Polling page: 0x0000000001600000

CodeCache: size=245760Kb used=5176Kb max_used=5179Kb free=240583Kb
 bounds [0x0000000003260000, 0x0000000003780000, 0x0000000012260000]
 total_blobs=1708 nmethods=1361 adapters=269
 compilation: enabled

Compilation events (10 events):
Event: 2.333 Thread 0x0000000019ae1800 1358       3       java.util.ArrayList::<init> (61 bytes)
Event: 2.334 Thread 0x0000000019ae1800 nmethod 1358 0x000000000376c3d0 code [0x000000000376c5e0, 0x000000000376d078]
Event: 2.335 Thread 0x0000000019ada000 nmethod 1357 0x0000000003770350 code [0x00000000037704a0, 0x00000000037706b8]
Event: 2.337 Thread 0x0000000019ae1800 1362       3       java.lang.Class$MethodArray::<init> (38 bytes)
Event: 2.337 Thread 0x0000000019ae1800 nmethod 1362 0x000000000376fd10 code [0x000000000376fea0, 0x0000000003770208]
Event: 2.337 Thread 0x0000000019ae1800 1361       3       java.lang.Class::getMethod (64 bytes)
Event: 2.339 Thread 0x0000000019ae1800 nmethod 1361 0x000000000376e7d0 code [0x000000000376ea20, 0x000000000376f708]
Event: 2.339 Thread 0x0000000019ae1800 1363       3       org.codehaus.groovy.reflection.CachedClass::getInterfaces (11 bytes)
Event: 2.339 Thread 0x0000000019ae1800 nmethod 1363 0x000000000376e250 code [0x000000000376e3c0, 0x000000000376e6e8]
Event: 2.342 Thread 0x0000000019ada000 1364       4       org.eclipse.jdt.launching.internal.org.objectweb.asm.MethodWriter::canCopyMethodAttributes (163 bytes)

GC Heap History (10 events):
Event: 1.218 GC heap after
Heap after GC invocations=1 (full 0):
 PSYoungGen      total 33280K, used 3441K [0x00000000db000000, 0x00000000dd500000, 0x0000000100000000)
  eden space 28672K, 0% used [0x00000000db000000,0x00000000db000000,0x00000000dcc00000)
  from space 4608K, 74% used [0x00000000dcc00000,0x00000000dcf5c410,0x00000000dd080000)
  to   space 4608K, 0% used [0x00000000dd080000,0x00000000dd080000,0x00000000dd500000)
 ParOldGen       total 76800K, used 16K [0x0000000091000000, 0x0000000095b00000, 0x00000000db000000)
  object space 76800K, 0% used [0x0000000091000000,0x0000000091004000,0x0000000095b00000)
 Metaspace       used 8973K, capacity 9332K, committed 9472K, reserved 1056768K
  class space    used 1082K, capacity 1178K, committed 1280K, reserved 1048576K
}
Event: 1.606 GC heap before
{Heap before GC invocations=2 (full 0):
 PSYoungGen      total 33280K, used 9968K [0x00000000db000000, 0x00000000dd500000, 0x0000000100000000)
  eden space 28672K, 22% used [0x00000000db000000,0x00000000db65fd60,0x00000000dcc00000)
  from space 4608K, 74% used [0x00000000dcc00000,0x00000000dcf5c410,0x00000000dd080000)
  to   space 4608K, 0% used [0x00000000dd080000,0x00000000dd080000,0x00000000dd500000)
 ParOldGen       total 76800K, used 16K [0x0000000091000000, 0x0000000095b00000, 0x00000000db000000)
  object space 76800K, 0% used [0x0000000091000000,0x0000000091004000,0x0000000095b00000)
 Metaspace       used 9596K, capacity 9922K, committed 9984K, reserved 1064960K
  class space    used 1151K, capacity 1263K, committed 1280K, reserved 1048576K
Event: 1.609 GC heap after
Heap after GC invocations=2 (full 0):
 PSYoungGen      total 33280K, used 2550K [0x00000000db000000, 0x00000000dd500000, 0x0000000100000000)
  eden space 28672K, 0% used [0x00000000db000000,0x00000000db000000,0x00000000dcc00000)
  from space 4608K, 55% used [0x00000000dd080000,0x00000000dd2fda40,0x00000000dd500000)
  to   space 4608K, 0% used [0x00000000dcc00000,0x00000000dcc00000,0x00000000dd080000)
 ParOldGen       total 76800K, used 24K [0x0000000091000000, 0x0000000095b00000, 0x00000000db000000)
  object space 76800K, 0% used [0x0000000091000000,0x0000000091006000,0x0000000095b00000)
 Metaspace       used 9596K, capacity 9922K, committed 9984K, reserved 1064960K
  class space    used 1151K, capacity 1263K, committed 1280K, reserved 1048576K
}
Event: 1.609 GC heap before
{Heap before GC invocations=3 (full 1):
 PSYoungGen      total 33280K, used 2550K [0x00000000db000000, 0x00000000dd500000, 0x0000000100000000)
  eden space 28672K, 0% used [0x00000000db000000,0x00000000db000000,0x00000000dcc00000)
  from space 4608K, 55% used [0x00000000dd080000,0x00000000dd2fda40,0x00000000dd500000)
  to   space 4608K, 0% used [0x00000000dcc00000,0x00000000dcc00000,0x00000000dd080000)
 ParOldGen       total 76800K, used 24K [0x0000000091000000, 0x0000000095b00000, 0x00000000db000000)
  object space 76800K, 0% used [0x0000000091000000,0x0000000091006000,0x0000000095b00000)
 Metaspace       used 9596K, capacity 9922K, committed 9984K, reserved 1064960K
  class space    used 1151K, capacity 1263K, committed 1280K, reserved 1048576K
Event: 1.627 GC heap after
Heap after GC invocations=3 (full 1):
 PSYoungGen      total 33280K, used 0K [0x00000000db000000, 0x00000000dd500000, 0x0000000100000000)
  eden space 28672K, 0% used [0x00000000db000000,0x00000000db000000,0x00000000dcc00000)
  from space 4608K, 0% used [0x00000000dd080000,0x00000000dd080000,0x00000000dd500000)
  to   space 4608K, 0% used [0x00000000dcc00000,0x00000000dcc00000,0x00000000dd080000)
 ParOldGen       total 49664K, used 2367K [0x0000000091000000, 0x0000000094080000, 0x00000000db000000)
  object space 49664K, 4% used [0x0000000091000000,0x000000009124ff78,0x0000000094080000)
 Metaspace       used 9596K, capacity 9922K, committed 9984K, reserved 1062912K
  class space    used 1151K, capacity 1263K, committed 1280K, reserved 1048576K
}
Event: 2.214 GC heap before
{Heap before GC invocations=4 (full 1):
 PSYoungGen      total 33280K, used 28672K [0x00000000db000000, 0x00000000dd500000, 0x0000000100000000)
  eden space 28672K, 100% used [0x00000000db000000,0x00000000dcc00000,0x00000000dcc00000)
  from space 4608K, 0% used [0x00000000dd080000,0x00000000dd080000,0x00000000dd500000)
  to   space 4608K, 0% used [0x00000000dcc00000,0x00000000dcc00000,0x00000000dd080000)
 ParOldGen       total 49664K, used 2367K [0x0000000091000000, 0x0000000094080000, 0x00000000db000000)
  object space 49664K, 4% used [0x0000000091000000,0x000000009124ff78,0x0000000094080000)
 Metaspace       used 12334K, capacity 13012K, committed 13312K, reserved 1064960K
  class space    used 1567K, capacity 1736K, committed 1792K, reserved 1048576K
Event: 2.217 GC heap after
Heap after GC invocations=4 (full 1):
 PSYoungGen      total 33280K, used 2358K [0x00000000db000000, 0x00000000dd500000, 0x0000000100000000)
  eden space 28672K, 0% used [0x00000000db000000,0x00000000db000000,0x00000000dcc00000)
  from space 4608K, 51% used [0x00000000dcc00000,0x00000000dce4dbc0,0x00000000dd080000)
  to   space 4608K, 0% used [0x00000000dd080000,0x00000000dd080000,0x00000000dd500000)
 ParOldGen       total 49664K, used 2375K [0x0000000091000000, 0x0000000094080000, 0x00000000db000000)
  object space 49664K, 4% used [0x0000000091000000,0x0000000091251f78,0x0000000094080000)
 Metaspace       used 12334K, capacity 13012K, committed 13312K, reserved 1064960K
  class space    used 1567K, capacity 1736K, committed 1792K, reserved 1048576K
}
Event: 2.348 GC heap before
{Heap before GC invocations=5 (full 1):
 PSYoungGen      total 33280K, used 11058K [0x00000000db000000, 0x00000000dd500000, 0x0000000100000000)
  eden space 28672K, 30% used [0x00000000db000000,0x00000000db87ed68,0x00000000dcc00000)
  from space 4608K, 51% used [0x00000000dcc00000,0x00000000dce4dbc0,0x00000000dd080000)
  to   space 4608K, 0% used [0x00000000dd080000,0x00000000dd080000,0x00000000dd500000)
 ParOldGen       total 49664K, used 2375K [0x0000000091000000, 0x0000000094080000, 0x00000000db000000)
  object space 49664K, 4% used [0x0000000091000000,0x0000000091251f78,0x0000000094080000)
 Metaspace       used 13102K, capacity 13826K, committed 13952K, reserved 1069056K
  class space    used 1632K, capacity 1811K, committed 1920K, reserved 1048576K
Event: 2.350 GC heap after
Heap after GC invocations=5 (full 1):
 PSYoungGen      total 33280K, used 2112K [0x00000000db000000, 0x00000000dd500000, 0x0000000100000000)
  eden space 28672K, 0% used [0x00000000db000000,0x00000000db000000,0x00000000dcc00000)
  from space 4608K, 45% used [0x00000000dd080000,0x00000000dd290250,0x00000000dd500000)
  to   space 4608K, 0% used [0x00000000dcc00000,0x00000000dcc00000,0x00000000dd080000)
 ParOldGen       total 49664K, used 2383K [0x0000000091000000, 0x0000000094080000, 0x00000000db000000)
  object space 49664K, 4% used [0x0000000091000000,0x0000000091253f78,0x0000000094080000)
 Metaspace       used 13102K, capacity 13826K, committed 13952K, reserved 1069056K
  class space    used 1632K, capacity 1811K, committed 1920K, reserved 1048576K
}
Event: 2.350 GC heap before
{Heap before GC invocations=6 (full 2):
 PSYoungGen      total 33280K, used 2112K [0x00000000db000000, 0x00000000dd500000, 0x0000000100000000)
  eden space 28672K, 0% used [0x00000000db000000,0x00000000db000000,0x00000000dcc00000)
  from space 4608K, 45% used [0x00000000dd080000,0x00000000dd290250,0x00000000dd500000)
  to   space 4608K, 0% used [0x00000000dcc00000,0x00000000dcc00000,0x00000000dd080000)
 ParOldGen       total 49664K, used 2383K [0x0000000091000000, 0x0000000094080000, 0x00000000db000000)
  object space 49664K, 4% used [0x0000000091000000,0x0000000091253f78,0x0000000094080000)
 Metaspace       used 13102K, capacity 13826K, committed 13952K, reserved 1069056K
  class space    used 1632K, capacity 1811K, committed 1920K, reserved 1048576K

Deoptimization events (10 events):
Event: 0.991 Thread 0x0000000003164800 Uncommon trap: reason=unstable_if action=reinterpret pc=0x000000000340c828 method=org.eclipse.jdt.launching.internal.org.objectweb.asm.ClassReader.readUtf(II[C)Ljava/lang/String; @ 41
Event: 1.049 Thread 0x0000000003164800 Uncommon trap: reason=unstable_if action=reinterpret pc=0x0000000003534224 method=java.util.zip.ZipCoder.encoder()Ljava/nio/charset/CharsetEncoder; @ 4
Event: 1.498 Thread 0x0000000003164800 Uncommon trap: reason=unstable_if action=reinterpret pc=0x00000000035708b8 method=java.io.WinNTFileSystem.normalize(Ljava/lang/String;)Ljava/lang/String; @ 128
Event: 1.708 Thread 0x0000000003164800 Uncommon trap: reason=unstable_if action=reinterpret pc=0x000000000355e8b4 method=sun.net.www.ParseUtil.encodePath(Ljava/lang/String;Z)Ljava/lang/String; @ 109
Event: 1.974 Thread 0x0000000003164800 Uncommon trap: reason=unstable_if action=reinterpret pc=0x0000000003640574 method=jdk.internal.org.objectweb.asm.Type.getArgumentsAndReturnSizes(Ljava/lang/String;)I @ 41
Event: 2.054 Thread 0x0000000003164800 Uncommon trap: reason=unstable_if action=reinterpret pc=0x0000000003704fe4 method=java.util.regex.Pattern$BmpCharProperty.match(Ljava/util/regex/Matcher;ILjava/lang/CharSequence;)Z @ 34
Event: 2.066 Thread 0x0000000003164800 Uncommon trap: reason=bimorphic action=maybe_recompile pc=0x0000000003713074 method=java.util.regex.Pattern$CharProperty.match(Ljava/util/regex/Matcher;ILjava/lang/CharSequence;)Z @ 18
Event: 2.066 Thread 0x0000000003164800 Uncommon trap: reason=bimorphic action=maybe_recompile pc=0x0000000003713074 method=java.util.regex.Pattern$CharProperty.match(Ljava/util/regex/Matcher;ILjava/lang/CharSequence;)Z @ 18
Event: 2.066 Thread 0x0000000003164800 Uncommon trap: reason=bimorphic action=maybe_recompile pc=0x0000000003713074 method=java.util.regex.Pattern$CharProperty.match(Ljava/util/regex/Matcher;ILjava/lang/CharSequence;)Z @ 18
Event: 2.066 Thread 0x0000000003164800 Uncommon trap: reason=bimorphic action=maybe_recompile pc=0x0000000003713074 method=java.util.regex.Pattern$CharProperty.match(Ljava/util/regex/Matcher;ILjava/lang/CharSequence;)Z @ 18

Classes redefined (0 events):
No events

Internal exceptions (10 events):
Event: 0.948 Thread 0x0000000003164800 Exception <a 'java/lang/NoSuchMethodError': java.lang.Object.lambda$thenComparing$36697e65$1(Ljava/util/Comparator;Ljava/lang/Object;Ljava/lang/Object;)I> (0x00000000dc38a278) thrown at [C:\jenkins\workspace\8-2-build-windows-amd64-cygwin\jdk8u251\737\hot
Event: 1.023 Thread 0x0000000003164800 Exception <a 'sun/nio/fs/WindowsException'> (0x00000000dc63fbd0) thrown at [C:\jenkins\workspace\8-2-build-windows-amd64-cygwin\jdk8u251\737\hotspot\src\share\vm\prims\jni.cpp, line 710]
Event: 1.036 Thread 0x0000000003164800 Exception <a 'java/lang/NoSuchMethodError': java.lang.Object.lambda$andThen$0(Ljava/util/function/Function;Ljava/lang/Object;Ljava/lang/Object;)Ljava/lang/Object;> (0x00000000dc68b638) thrown at [C:\jenkins\workspace\8-2-build-windows-amd64-cygwin\jdk8u25
Event: 1.049 Thread 0x0000000003164800 Implicit null exception at 0x000000000353386d to 0x0000000003534201
Event: 1.513 Thread 0x0000000003164800 Exception <a 'java/lang/NoSuchMethodError': java.lang.Object.lambda$codePoints$1()Ljava/util/Spliterator$OfInt;> (0x00000000db07dae0) thrown at [C:\jenkins\workspace\8-2-build-windows-amd64-cygwin\jdk8u251\737\hotspot\src\share\vm\interpreter\linkResolver
Event: 1.545 Thread 0x0000000003164800 Exception <a 'java/lang/IncompatibleClassChangeError': Found class java.lang.Object, but interface was expected> (0x00000000db1b2890) thrown at [C:\jenkins\workspace\8-2-build-windows-amd64-cygwin\jdk8u251\737\hotspot\src\share\vm\interpreter\linkResolver
Event: 1.834 Thread 0x0000000003164800 Exception <a 'java/lang/NoSuchMethodError': java.lang.Object.lambda$comparingInt$7b0bb60$1(Ljava/util/function/ToIntFunction;Ljava/lang/Object;Ljava/lang/Object;)I> (0x00000000db83c030) thrown at [C:\jenkins\workspace\8-2-build-windows-amd64-cygwin\jdk8u2
Event: 1.850 Thread 0x0000000003164800 Exception <a 'sun/nio/fs/WindowsException'> (0x00000000db8d2610) thrown at [C:\jenkins\workspace\8-2-build-windows-amd64-cygwin\jdk8u251\737\hotspot\src\share\vm\prims\jni.cpp, line 710]
Event: 1.892 Thread 0x0000000003164800 Exception <a 'java/lang/IncompatibleClassChangeError': Found class java.lang.Object, but interface was expected> (0x00000000dbb1b7a0) thrown at [C:\jenkins\workspace\8-2-build-windows-amd64-cygwin\jdk8u251\737\hotspot\src\share\vm\interpreter\linkResolver
Event: 1.897 Thread 0x0000000003164800 Exception <a 'java/lang/NoSuchMethodError': java.lang.Object.lambda$or$2(Ljava/util/function/Predicate;Ljava/lang/Object;)Z> (0x00000000dbb2f2a0) thrown at [C:\jenkins\workspace\8-2-build-windows-amd64-cygwin\jdk8u251\737\hotspot\src\share\vm\interpreter\

Events (10 events):
Event: 2.336 Thread 0x0000000003164800 DEOPT UNPACKING pc=0x00000000032a7490 sp=0x0000000002f86368 mode 0
Event: 2.338 loading class org/codehaus/groovy/runtime/DefaultGroovyMethods
Event: 2.338 loading class org/codehaus/groovy/runtime/DefaultGroovyMethods done
Event: 2.338 Thread 0x0000000003164800 DEOPT PACKING pc=0x00000000034602a9 sp=0x0000000002f8ab90
Event: 2.338 Thread 0x0000000003164800 DEOPT UNPACKING pc=0x00000000032a7490 sp=0x0000000002f8a8f0 mode 1
Event: 2.338 Thread 0x0000000003164800 DEOPT PACKING pc=0x000000000340de3c sp=0x0000000002f8ac20
Event: 2.338 Thread 0x0000000003164800 DEOPT UNPACKING pc=0x00000000032a7490 sp=0x0000000002f8aa40 mode 1
Event: 2.338 Thread 0x0000000003164800 DEOPT PACKING pc=0x000000000340dbd4 sp=0x0000000002f8adb0
Event: 2.338 Thread 0x0000000003164800 DEOPT UNPACKING pc=0x00000000032a7490 sp=0x0000000002f8abd0 mode 1
Event: 2.347 Executing VM operation: CollectForMetadataAllocation


Dynamic libraries:
0x00007ff650af0000 - 0x00007ff650b27000 	C:\Program Files\Java\jre1.8.0_251\bin\javaw.exe
0x00007ff94e6d0000 - 0x00007ff94e8c5000 	C:\WINDOWS\SYSTEM32\ntdll.dll
0x00007ff94cf40000 - 0x00007ff94cffd000 	C:\WINDOWS\System32\KERNEL32.DLL
0x00007ff94bf70000 - 0x00007ff94c239000 	C:\WINDOWS\System32\KERNELBASE.dll
0x00007ff94e460000 - 0x00007ff94e50c000 	C:\WINDOWS\System32\ADVAPI32.dll
0x00007ff94e300000 - 0x00007ff94e39e000 	C:\WINDOWS\System32\msvcrt.dll
0x00007ff94e5f0000 - 0x00007ff94e68b000 	C:\WINDOWS\System32\sechost.dll
0x00007ff94d890000 - 0x00007ff94d9ba000 	C:\WINDOWS\System32\RPCRT4.dll
0x00007ff94cda0000 - 0x00007ff94cf40000 	C:\WINDOWS\System32\USER32.dll
0x00007ff94c4d0000 - 0x00007ff94c4f2000 	C:\WINDOWS\System32\win32u.dll
0x00007ff94c950000 - 0x00007ff94c97a000 	C:\WINDOWS\System32\GDI32.dll
0x00007ff94c320000 - 0x00007ff94c42b000 	C:\WINDOWS\System32\gdi32full.dll
0x00007ff94c430000 - 0x00007ff94c4cd000 	C:\WINDOWS\System32\msvcp_win.dll
0x00007ff94c560000 - 0x00007ff94c660000 	C:\WINDOWS\System32\ucrtbase.dll
0x00007ff93c0a0000 - 0x00007ff93c33a000 	C:\WINDOWS\WinSxS\amd64_microsoft.windows.common-controls_6595b64144ccf1df_6.0.19041.1110_none_60b5254171f9507e\COMCTL32.dll
0x00007ff94c9e0000 - 0x00007ff94ca10000 	C:\WINDOWS\System32\IMM32.DLL
0x000000006e980000 - 0x000000006ea52000 	C:\Program Files\Java\jre1.8.0_251\bin\msvcr100.dll
0x000000006eb40000 - 0x000000006f3eb000 	C:\Program Files\Java\jre1.8.0_251\bin\server\jvm.dll
0x00007ff94d130000 - 0x00007ff94d138000 	C:\WINDOWS\System32\PSAPI.DLL
0x00007ff943b90000 - 0x00007ff943b99000 	C:\WINDOWS\SYSTEM32\WSOCK32.dll
0x00007ff93d610000 - 0x00007ff93d61a000 	C:\WINDOWS\SYSTEM32\VERSION.dll
0x00007ff935af0000 - 0x00007ff935b17000 	C:\WINDOWS\SYSTEM32\WINMM.dll
0x00007ff94d9c0000 - 0x00007ff94da2b000 	C:\WINDOWS\System32\WS2_32.dll
0x00007ff946320000 - 0x00007ff94632f000 	C:\Program Files\Java\jre1.8.0_251\bin\verify.dll
0x00007ff93e090000 - 0x00007ff93e0b9000 	C:\Program Files\Java\jre1.8.0_251\bin\java.dll
0x00007ff939af0000 - 0x00007ff939b25000 	C:\Program Files\Java\jre1.8.0_251\bin\jdwp.dll
0x00007ff946700000 - 0x00007ff946708000 	C:\Program Files\Java\jre1.8.0_251\bin\npt.dll
0x00007ff938730000 - 0x00007ff938753000 	C:\Program Files\Java\jre1.8.0_251\bin\instrument.dll
0x00007ff93d680000 - 0x00007ff93d696000 	C:\Program Files\Java\jre1.8.0_251\bin\zip.dll
0x00007ff94da30000 - 0x00007ff94e16f000 	C:\WINDOWS\System32\SHELL32.dll
0x00007ff9496c0000 - 0x00007ff949e51000 	C:\WINDOWS\SYSTEM32\windows.storage.dll
0x00007ff94ca10000 - 0x00007ff94cd65000 	C:\WINDOWS\System32\combase.dll
0x00007ff94b7b0000 - 0x00007ff94b7dc000 	C:\WINDOWS\SYSTEM32\Wldp.dll
0x00007ff94d080000 - 0x00007ff94d12e000 	C:\WINDOWS\System32\SHCORE.dll
0x00007ff94e3a0000 - 0x00007ff94e3f5000 	C:\WINDOWS\System32\shlwapi.dll
0x00007ff94bd50000 - 0x00007ff94bd6f000 	C:\WINDOWS\SYSTEM32\profapi.dll
0x00007ff9402d0000 - 0x00007ff9402d9000 	C:\Program Files\Java\jre1.8.0_251\bin\dt_socket.dll
0x00007ff936010000 - 0x00007ff936027000 	C:\WINDOWS\system32\napinsp.dll
0x00007ff936030000 - 0x00007ff93604b000 	C:\WINDOWS\system32\pnrpnsp.dll
0x00007ff946ab0000 - 0x00007ff946ac5000 	C:\WINDOWS\system32\wshbth.dll
0x00007ff944490000 - 0x00007ff9444ad000 	C:\WINDOWS\system32\NLAapi.dll
0x00007ff94b200000 - 0x00007ff94b23b000 	C:\WINDOWS\SYSTEM32\IPHLPAPI.DLL
0x00007ff94b510000 - 0x00007ff94b57a000 	C:\WINDOWS\System32\mswsock.dll
0x00007ff94b240000 - 0x00007ff94b30c000 	C:\WINDOWS\SYSTEM32\DNSAPI.dll
0x00007ff94e170000 - 0x00007ff94e178000 	C:\WINDOWS\System32\NSI.dll
0x00007ff936050000 - 0x00007ff936062000 	C:\WINDOWS\System32\winrnr.dll
0x00007ff9413b0000 - 0x00007ff94142f000 	C:\WINDOWS\System32\fwpuclnt.dll
0x00007ff94c710000 - 0x00007ff94c737000 	C:\WINDOWS\System32\bcrypt.dll
0x00007ff941390000 - 0x00007ff94139a000 	C:\Windows\System32\rasadhlp.dll
0x00007ff93d5f0000 - 0x00007ff93d60a000 	C:\Program Files\Java\jre1.8.0_251\bin\net.dll
0x00007ff93bed0000 - 0x00007ff93bee2000 	C:\Program Files\Java\jre1.8.0_251\bin\nio.dll
0x00007ff94b700000 - 0x00007ff94b718000 	C:\WINDOWS\SYSTEM32\CRYPTSP.dll
0x00007ff94aeb0000 - 0x00007ff94aee4000 	C:\WINDOWS\system32\rsaenh.dll
0x00007ff94bcd0000 - 0x00007ff94bcfe000 	C:\WINDOWS\SYSTEM32\USERENV.dll
0x00007ff94c240000 - 0x00007ff94c2c3000 	C:\WINDOWS\System32\bcryptprimitives.dll
0x00007ff94b6f0000 - 0x00007ff94b6fc000 	C:\WINDOWS\SYSTEM32\CRYPTBASE.dll
0x00007ff943160000 - 0x00007ff943177000 	C:\WINDOWS\SYSTEM32\dhcpcsvc6.DLL
0x00007ff943a20000 - 0x00007ff943a3d000 	C:\WINDOWS\SYSTEM32\dhcpcsvc.DLL

VM Arguments:
jvm_args: -agentlib:jdwp=transport=dt_socket,suspend=y,address=localhost:49837 -ea -javaagent:C:\Users\zcfly\eclipse\java-2020-06\eclipse\configuration\org.eclipse.osgi\222\0\.cp\lib\javaagent-shaded.jar -Dfile.encoding=UTF-8 
java_command: org.eclipse.jdt.internal.junit.runner.RemoteTestRunner -version 3 -port 49836 -testLoaderClass org.eclipse.jdt.internal.junit4.runner.JUnit4TestLoader -loaderpluginname org.eclipse.jdt.junit4.runtime -classNames cucumber.Options.TestRunner
java_class_path (initial): D:\Eclipse Project\APIFramework\WeatherStationAPI\target\test-classes;D:\Eclipse Project\APIFramework\WeatherStationAPI\target\classes;C:\Users\zcfly\Downloads\jackson-databind-2.13.0.jar;C:\Users\zcfly\.m2\repository\org\junit\jupiter\junit-jupiter-engine\5.7.1\junit-jupiter-engine-5.7.1.jar;C:\Users\zcfly\.m2\repository\org\apiguardian\apiguardian-api\1.1.0\apiguardian-api-1.1.0.jar;C:\Users\zcfly\.m2\repository\org\junit\platform\junit-platform-engine\1.7.1\junit-platform-engine-1.7.1.jar;C:\Users\zcfly\.m2\repository\org\opentest4j\opentest4j\1.2.0\opentest4j-1.2.0.jar;C:\Users\zcfly\.m2\repository\org\junit\platform\junit-platform-commons\1.7.1\junit-platform-commons-1.7.1.jar;C:\Users\zcfly\.m2\repository\org\junit\jupiter\junit-jupiter-api\5.7.1\junit-jupiter-api-5.7.1.jar;C:\Users\zcfly\.m2\repository\org\junit\jupiter\junit-jupiter-params\5.7.1\junit-jupiter-params-5.7.1.jar;C:\Users\zcfly\.m2\repository\io\cucumber\cucumber-java\7.0.0\cucumber-java-7.0.0.jar;C:\Users\zcfly\.m2\repository\io\cucumber\cucumber-core\7.0.0\cucumber-core-7.0.0.jar;C:\Users\zcfly\.m2\repository\io\cucumber\cucumber-gherkin\7.0.0\cucumber-gherkin-7.0.0.jar;C:\Users\zcfly\.m2\repository\io\cucumber\cucumber-gherkin-messages\7.0.0\cucumber-gherkin-messages-7.0.0.jar;C:\Users\zcfly\.m2\repository\io\cucumber\messages\17.1.1\messages-17.1.1.jar;C:\Users\zcfly\.m2\repository\io\cucumber\tag-expressions\4.0.2\tag-expressions-4.0.2.jar;C:\Users\zcfly\.m2\repository\io\cucumber\cucumber-expressions\13.0.1\cucumber-expressions-13.0.1.jar;C:\Users\zcfly\.m2\repository\io\cucumber\datatable\7.0.0\datatable-7.0.0.jar;C:\Users\zcfly\.m2\repository\io\cucumber\cucumber-plugin\7.0.0\cucumber-plugin-7.0.0.jar;C:\Users\zcfly\.m2\repository\io\cucumber\docstring\7.0.0\docstring-7.0.0.jar;C:\Users\zcfly\.m2\repository\io\cucumber\html-formatter\17.0.0\html-formatter-17.0.0.jar;C:\Users\zcfly\.m2\repository\io\cucumber\create-meta\6.0.1\create-meta-6.0.1.jar;C:\Users\zcf
Launcher Type: SUN_STANDARD

Environment Variables:
JAVA_HOME=C:\Program Files\Java\jdk-14.0.1
PATH=C:/Program Files/Java/jre1.8.0_251/bin/server;C:/Program Files/Java/jre1.8.0_251/bin;C:/Program Files/Java/jre1.8.0_251/lib/amd64;C:\Program Files (x86)\Common Files\Oracle\Java\javapath;C:\WINDOWS\system32;C:\WINDOWS;C:\WINDOWS\System32\Wbem;C:\WINDOWS\System32\WindowsPowerShell\v1.0\;C:\WINDOWS\System32\OpenSSH\;C:\Program Files\Java\jdk-14.0.1\bin;D:\Eclipse Project\webdriver;D:\Eclipse Project\apache-maven-3.6.3-bin\apache-maven-3.6.3\bin;C:\Program Files\Git\cmd;C:\Program Files\Git\bin;D:\Eclipse Project\gradle-6.5.1-all\gradle-6.5.1\bin;C:\Users\zcfly\AppData\Local\Programs\Python\Python38-32;C:\Users\zcfly\AppData\Local\Programs\Python\Python38-32\Scripts;;C:\Program Files\nodejs\;C:\Users\zcfly\AppData\Local\Microsoft\WindowsApps;C:\Users\zcfly\AppData\Local\Programs\Fiddler;C:\Users\zcfly\AppData\Roaming\npm;%USERPROFILE%\AppData\Local\Microsoft\WindowsApps;;C:\WINDOWS\system32;
USERNAME=zcfly
OS=Windows_NT
PROCESSOR_IDENTIFIER=AMD64 Family 23 Model 24 Stepping 1, AuthenticAMD



---------------  S Y S T E M  ---------------

OS: Windows 10.0 , 64 bit Build 19041 (10.0.19041.1023)

CPU:total 8 (initial active 8) (8 cores per cpu, 1 threads per core) family 23 model 24 stepping 1, cmov, cx8, fxsr, mmx, sse, sse2, sse3, ssse3, sse4.1, sse4.2, popcnt, avx, avx2, aes, clmul, mmxext, 3dnowpref, lzcnt, sse4a, tsc, tscinvbit, tscinv, bmi1

Memory: 4k page, physical 7274124k(417276k free), swap 29294220k(4272k free)

vm_info: Java HotSpot(TM) 64-Bit Server VM (25.251-b08) for windows-amd64 JRE (1.8.0_251-b08), built on Mar 12 2020 06:31:49 by "" with MS VC++ 10.0 (VS2010)

time: Sat Nov 06 18:05:02 2021
timezone: AUS Eastern Daylight Time
elapsed time: 2 seconds (0d 0h 0m 2s)

