#
# There is insufficient memory for the Java Runtime Environment to continue.
# Native memory allocation (malloc) failed to allocate 1056736 bytes for Chunk::new
# Possible reasons:
#   The system is out of physical RAM or swap space
#   The process is running with CompressedOops enabled, and the Java Heap may be blocking the growth of the native heap
# Possible solutions:
#   Reduce memory load on the system
#   Increase physical memory or swap space
#   Check if swap backing store is full
#   Decrease Java heap size (-Xmx/-Xms)
#   Decrease number of Java threads
#   Decrease Java thread stack sizes (-Xss)
#   Set larger code cache with -XX:ReservedCodeCacheSize=
#   JVM is running with Unscaled Compressed Oops mode in which the Java heap is
#     placed in the first 4GB address space. The Java Heap base address is the
#     maximum limit for the native heap growth. Please use -XX:HeapBaseMinAddress
#     to set the Java Heap base and to place the Java Heap above 4GB virtual address.
# This output file may be truncated or incomplete.
#
#  Out of Memory Error (allocation.cpp:389), pid=6304, tid=0x0000000000002c68
#
# JRE version: Java(TM) SE Runtime Environment (8.0_251-b08) (build 1.8.0_251-b08)
# Java VM: Java HotSpot(TM) 64-Bit Server VM (25.251-b08 mixed mode windows-amd64 compressed oops)
# Failed to write core dump. Minidumps are not enabled by default on client versions of Windows
#

---------------  T H R E A D  ---------------

Current thread (0x0000000019750800):  JavaThread "C2 CompilerThread1" daemon [_thread_in_native, id=11368, stack(0x000000001a020000,0x000000001a120000)]

Stack: [0x000000001a020000,0x000000001a120000]
[error occurred during error reporting (printing stack bounds), id 0xc0000005]

Native frames: (J=compiled Java code, j=interpreted, Vv=VM code, C=native code)


Current CompileTask:
C2:   2726 1820       4       groovy.lang.MetaClassImpl$1MOPIter::methodNameAction (325 bytes)


---------------  P R O C E S S  ---------------

Java Threads: ( => current thread )
  0x000000001a56d000 JavaThread "ReaderThread" [_thread_in_native, id=23812, stack(0x000000001ad20000,0x000000001ae20000)]
  0x00000000197de800 JavaThread "Service Thread" daemon [_thread_blocked, id=10596, stack(0x000000001a320000,0x000000001a420000)]
  0x000000001975e800 JavaThread "C1 CompilerThread3" daemon [_thread_blocked, id=15964, stack(0x000000001a220000,0x000000001a320000)]
  0x0000000019758000 JavaThread "C2 CompilerThread2" daemon [_thread_blocked, id=22924, stack(0x000000001a120000,0x000000001a220000)]
=>0x0000000019750800 JavaThread "C2 CompilerThread1" daemon [_thread_in_native, id=11368, stack(0x000000001a020000,0x000000001a120000)]
  0x000000001974e000 JavaThread "C2 CompilerThread0" daemon [_thread_blocked, id=15004, stack(0x0000000019f20000,0x000000001a020000)]
  0x000000001974c000 JavaThread "Attach Listener" daemon [_thread_blocked, id=22712, stack(0x0000000019e20000,0x0000000019f20000)]
  0x000000001974b000 JavaThread "Signal Dispatcher" daemon [_thread_blocked, id=23560, stack(0x0000000019d20000,0x0000000019e20000)]
  0x0000000019740800 JavaThread "Finalizer" daemon [_thread_blocked, id=1488, stack(0x0000000019b20000,0x0000000019c20000)]
  0x00000000030eb000 JavaThread "Reference Handler" daemon [_thread_blocked, id=12168, stack(0x0000000019620000,0x0000000019720000)]
  0x0000000002ff3800 JavaThread "main" [_thread_in_native, id=21096, stack(0x0000000001700000,0x0000000001800000)]

Other Threads:
  0x000000001783a000 VMThread [stack: 0x0000000019520000,0x0000000019620000] [id=15812]
  0x000000001981f000 WatcherThread [stack: 0x000000001a420000,0x000000001a520000] [id=20100]

VM state:not at safepoint (normal execution)

VM Mutex/Monitor currently owned by a thread: None

heap address: 0x0000000091000000, size: 1776 MB, Compressed Oops mode: 32-bit
Narrow klass base: 0x0000000000000000, Narrow klass shift: 3
Compressed class space size: 1073741824 Address: 0x0000000100000000

Heap:
 PSYoungGen      total 33280K, used 24230K [0x00000000db000000, 0x00000000df100000, 0x0000000100000000)
  eden space 28672K, 68% used [0x00000000db000000,0x00000000dc330660,0x00000000dcc00000)
  from space 4608K, 99% used [0x00000000dcc00000,0x00000000dd0792f0,0x00000000dd080000)
  to   space 4608K, 0% used [0x00000000dec80000,0x00000000dec80000,0x00000000df100000)
 ParOldGen       total 76800K, used 6820K [0x0000000091000000, 0x0000000095b00000, 0x00000000db000000)
  object space 76800K, 8% used [0x0000000091000000,0x00000000916a9128,0x0000000095b00000)
 Metaspace       used 19768K, capacity 20772K, committed 20864K, reserved 1067008K
  class space    used 2415K, capacity 2653K, committed 2688K, reserved 1048576K

Card table byte_map: [0x0000000012580000,0x0000000012900000] byte_map_base: 0x00000000120f8000

Marking Bits: (ParMarkBitMap*) 0x000000006f36af90
 Begin Bits: [0x0000000013350000, 0x0000000014f10000)
 End Bits:   [0x0000000014f10000, 0x0000000016ad0000)

Polling page: 0x00000000012a0000

CodeCache: size=245760Kb used=7378Kb max_used=7390Kb free=238381Kb
 bounds [0x00000000031c0000, 0x0000000003900000, 0x00000000121c0000]
 total_blobs=2496 nmethods=1881 adapters=528
 compilation: enabled

Compilation events (10 events):
Event: 2.604 Thread 0x000000001975e800 1877       3       java.lang.Character::isJavaIdentifierPart (9 bytes)
Event: 2.604 Thread 0x000000001975e800 nmethod 1877 0x00000000038f66d0 code [0x00000000038f6840, 0x00000000038f6a78]
Event: 2.604 Thread 0x000000001975e800 1878       3       java.lang.CharacterDataLatin1::isJavaIdentifierPart (20 bytes)
Event: 2.604 Thread 0x000000001975e800 nmethod 1878 0x00000000038f61d0 code [0x00000000038f6340, 0x00000000038f6590]
Event: 2.635 Thread 0x000000001974e000 1879       4       java.lang.String::substring (56 bytes)
Event: 2.640 Thread 0x000000001974e000 nmethod 1879 0x00000000038f4d50 code [0x00000000038f4ec0, 0x00000000038f5278]
Event: 2.672 Thread 0x0000000019758000 1881       4       java.lang.String::concat (47 bytes)
Event: 2.678 Thread 0x0000000019758000 nmethod 1881 0x00000000038f45d0 code [0x00000000038f4720, 0x00000000038f4ab8]
Event: 2.701 Thread 0x000000001974e000 1882   !   4       java.util.zip.Inflater::inflate (113 bytes)
Event: 2.707 Thread 0x000000001974e000 nmethod 1882 0x00000000038f86d0 code [0x00000000038f8820, 0x00000000038f8ce8]

GC Heap History (6 events):
Event: 1.312 GC heap before
{Heap before GC invocations=1 (full 0):
 PSYoungGen      total 33280K, used 28672K [0x00000000db000000, 0x00000000dd500000, 0x0000000100000000)
  eden space 28672K, 100% used [0x00000000db000000,0x00000000dcc00000,0x00000000dcc00000)
  from space 4608K, 0% used [0x00000000dd080000,0x00000000dd080000,0x00000000dd500000)
  to   space 4608K, 0% used [0x00000000dcc00000,0x00000000dcc00000,0x00000000dd080000)
 ParOldGen       total 76800K, used 0K [0x0000000091000000, 0x0000000095b00000, 0x00000000db000000)
  object space 76800K, 0% used [0x0000000091000000,0x0000000091000000,0x0000000095b00000)
 Metaspace       used 10091K, capacity 10756K, committed 11008K, reserved 1058816K
  class space    used 1335K, capacity 1504K, committed 1536K, reserved 1048576K
Event: 1.321 GC heap after
Heap after GC invocations=1 (full 0):
 PSYoungGen      total 33280K, used 4590K [0x00000000db000000, 0x00000000dd500000, 0x0000000100000000)
  eden space 28672K, 0% used [0x00000000db000000,0x00000000db000000,0x00000000dcc00000)
  from space 4608K, 99% used [0x00000000dcc00000,0x00000000dd07b850,0x00000000dd080000)
  to   space 4608K, 0% used [0x00000000dd080000,0x00000000dd080000,0x00000000dd500000)
 ParOldGen       total 76800K, used 169K [0x0000000091000000, 0x0000000095b00000, 0x00000000db000000)
  object space 76800K, 0% used [0x0000000091000000,0x000000009102a6f8,0x0000000095b00000)
 Metaspace       used 10091K, capacity 10756K, committed 11008K, reserved 1058816K
  class space    used 1335K, capacity 1504K, committed 1536K, reserved 1048576K
}
Event: 1.809 GC heap before
{Heap before GC invocations=2 (full 0):
 PSYoungGen      total 33280K, used 32620K [0x00000000db000000, 0x00000000dd500000, 0x0000000100000000)
  eden space 28672K, 97% used [0x00000000db000000,0x00000000dcb5fb08,0x00000000dcc00000)
  from space 4608K, 99% used [0x00000000dcc00000,0x00000000dd07b850,0x00000000dd080000)
  to   space 4608K, 0% used [0x00000000dd080000,0x00000000dd080000,0x00000000dd500000)
 ParOldGen       total 76800K, used 169K [0x0000000091000000, 0x0000000095b00000, 0x00000000db000000)
  object space 76800K, 0% used [0x0000000091000000,0x000000009102a6f8,0x0000000095b00000)
 Metaspace       used 14098K, capacity 14922K, committed 15104K, reserved 1062912K
  class space    used 1829K, capacity 1999K, committed 2048K, reserved 1048576K
Event: 1.817 GC heap after
Heap after GC invocations=2 (full 0):
 PSYoungGen      total 33280K, used 4582K [0x00000000db000000, 0x00000000df100000, 0x0000000100000000)
  eden space 28672K, 0% used [0x00000000db000000,0x00000000db000000,0x00000000dcc00000)
  from space 4608K, 99% used [0x00000000dd080000,0x00000000dd4f9830,0x00000000dd500000)
  to   space 4608K, 0% used [0x00000000dcc00000,0x00000000dcc00000,0x00000000dd080000)
 ParOldGen       total 76800K, used 3533K [0x0000000091000000, 0x0000000095b00000, 0x00000000db000000)
  object space 76800K, 4% used [0x0000000091000000,0x0000000091373608,0x0000000095b00000)
 Metaspace       used 14098K, capacity 14922K, committed 15104K, reserved 1062912K
  class space    used 1829K, capacity 1999K, committed 2048K, reserved 1048576K
}
Event: 2.348 GC heap before
{Heap before GC invocations=3 (full 0):
 PSYoungGen      total 33280K, used 33254K [0x00000000db000000, 0x00000000df100000, 0x0000000100000000)
  eden space 28672K, 100% used [0x00000000db000000,0x00000000dcc00000,0x00000000dcc00000)
  from space 4608K, 99% used [0x00000000dd080000,0x00000000dd4f9830,0x00000000dd500000)
  to   space 4608K, 0% used [0x00000000dcc00000,0x00000000dcc00000,0x00000000dd080000)
 ParOldGen       total 76800K, used 3533K [0x0000000091000000, 0x0000000095b00000, 0x00000000db000000)
  object space 76800K, 4% used [0x0000000091000000,0x0000000091373608,0x0000000095b00000)
 Metaspace       used 16615K, capacity 17530K, committed 17664K, reserved 1064960K
  class space    used 2076K, capacity 2296K, committed 2304K, reserved 1048576K
Event: 2.357 GC heap after
Heap after GC invocations=3 (full 0):
 PSYoungGen      total 33280K, used 4580K [0x00000000db000000, 0x00000000df100000, 0x0000000100000000)
  eden space 28672K, 0% used [0x00000000db000000,0x00000000db000000,0x00000000dcc00000)
  from space 4608K, 99% used [0x00000000dcc00000,0x00000000dd0792f0,0x00000000dd080000)
  to   space 4608K, 0% used [0x00000000dec80000,0x00000000dec80000,0x00000000df100000)
 ParOldGen       total 76800K, used 6820K [0x0000000091000000, 0x0000000095b00000, 0x00000000db000000)
  object space 76800K, 8% used [0x0000000091000000,0x00000000916a9128,0x0000000095b00000)
 Metaspace       used 16615K, capacity 17530K, committed 17664K, reserved 1064960K
  class space    used 2076K, capacity 2296K, committed 2304K, reserved 1048576K
}

Deoptimization events (10 events):
Event: 1.288 Thread 0x0000000002ff3800 Uncommon trap: reason=unstable_if action=reinterpret pc=0x00000000035734f4 method=java.util.regex.Pattern$BmpCharProperty.match(Ljava/util/regex/Matcher;ILjava/lang/CharSequence;)Z @ 34
Event: 1.617 Thread 0x0000000002ff3800 Uncommon trap: reason=range_check action=make_not_entrant pc=0x000000000353d960 method=sun.reflect.generics.parser.SignatureParser.current()C @ 34
Event: 1.912 Thread 0x0000000002ff3800 Uncommon trap: reason=bimorphic action=maybe_recompile pc=0x000000000364c6d0 method=java.util.HashMap.putVal(ILjava/lang/Object;Ljava/lang/Object;ZZ)Ljava/lang/Object; @ 253
Event: 1.912 Thread 0x0000000002ff3800 Uncommon trap: reason=bimorphic action=maybe_recompile pc=0x000000000364c6d0 method=java.util.HashMap.putVal(ILjava/lang/Object;Ljava/lang/Object;ZZ)Ljava/lang/Object; @ 253
Event: 1.912 Thread 0x0000000002ff3800 Uncommon trap: reason=bimorphic action=maybe_recompile pc=0x000000000364c6d0 method=java.util.HashMap.putVal(ILjava/lang/Object;Ljava/lang/Object;ZZ)Ljava/lang/Object; @ 253
Event: 1.912 Thread 0x0000000002ff3800 Uncommon trap: reason=bimorphic action=maybe_recompile pc=0x000000000364c6d0 method=java.util.HashMap.putVal(ILjava/lang/Object;Ljava/lang/Object;ZZ)Ljava/lang/Object; @ 253
Event: 2.555 Thread 0x0000000002ff3800 Uncommon trap: reason=class_check action=maybe_recompile pc=0x00000000035c61a8 method=java.io.DataInputStream.readInt()I @ 4
Event: 2.555 Thread 0x0000000002ff3800 Uncommon trap: reason=class_check action=maybe_recompile pc=0x00000000035c61a8 method=java.io.DataInputStream.readInt()I @ 4
Event: 2.568 Thread 0x0000000002ff3800 Uncommon trap: reason=class_check action=maybe_recompile pc=0x00000000035c61a8 method=java.io.DataInputStream.readInt()I @ 4
Event: 2.568 Thread 0x0000000002ff3800 Uncommon trap: reason=class_check action=maybe_recompile pc=0x00000000035c61a8 method=java.io.DataInputStream.readInt()I @ 4

Classes redefined (0 events):
No events

Internal exceptions (10 events):
Event: 2.462 Thread 0x0000000002ff3800 Exception <a 'java/lang/ClassNotFoundException': [Lcom/fasterxml/jackson/core/JsonEncoding;BeanInfo> (0x00000000db49fa80) thrown at [C:\jenkins\workspace\8-2-build-windows-amd64-cygwin\jdk8u251\737\hotspot\src\share\vm\prims\jni.cpp, line 736]
Event: 2.462 Thread 0x0000000002ff3800 Exception <a 'java/lang/ClassNotFoundException': [Lcom/fasterxml/jackson/core/JsonEncoding;BeanInfo> (0x00000000db4a02d8) thrown at [C:\jenkins\workspace\8-2-build-windows-amd64-cygwin\jdk8u251\737\hotspot\src\share\vm\prims\jni.cpp, line 736]
Event: 2.462 Thread 0x0000000002ff3800 Exception <a 'java/lang/ClassNotFoundException': [Lcom/fasterxml/jackson/core/JsonEncoding;BeanInfo> (0x00000000db4a0b30) thrown at [C:\jenkins\workspace\8-2-build-windows-amd64-cygwin\jdk8u251\737\hotspot\src\share\vm\prims\jni.cpp, line 736]
Event: 2.462 Thread 0x0000000002ff3800 Exception <a 'java/lang/ClassNotFoundException': [Lcom/fasterxml/jackson/core/JsonEncoding;Customizer> (0x00000000db4a1660) thrown at [C:\jenkins\workspace\8-2-build-windows-amd64-cygwin\jdk8u251\737\hotspot\src\share\vm\prims\jni.cpp, line 736]
Event: 2.462 Thread 0x0000000002ff3800 Exception <a 'java/lang/ClassNotFoundException': [Lcom/fasterxml/jackson/core/JsonEncoding;Customizer> (0x00000000db4a1eb8) thrown at [C:\jenkins\workspace\8-2-build-windows-amd64-cygwin\jdk8u251\737\hotspot\src\share\vm\prims\jni.cpp, line 736]
Event: 2.462 Thread 0x0000000002ff3800 Exception <a 'java/lang/ClassNotFoundException': [Lcom/fasterxml/jackson/core/JsonEncoding;Customizer> (0x00000000db4a2710) thrown at [C:\jenkins\workspace\8-2-build-windows-amd64-cygwin\jdk8u251\737\hotspot\src\share\vm\prims\jni.cpp, line 736]
Event: 2.467 Thread 0x0000000002ff3800 Exception <a 'java/lang/ClassNotFoundException': pojo/RegisterStationRequestBeanInfo> (0x00000000db4d6968) thrown at [C:\jenkins\workspace\8-2-build-windows-amd64-cygwin\jdk8u251\737\hotspot\src\share\vm\classfile\systemDictionary.cpp, line 210]
Event: 2.467 Thread 0x0000000002ff3800 Exception <a 'java/lang/ClassNotFoundException': pojo/RegisterStationRequestCustomizer> (0x00000000db4e6d08) thrown at [C:\jenkins\workspace\8-2-build-windows-amd64-cygwin\jdk8u251\737\hotspot\src\share\vm\classfile\systemDictionary.cpp, line 210]
Event: 2.471 Thread 0x0000000002ff3800 Exception <a 'java/lang/ClassNotFoundException': io/restassured/path/json/mapper/factory/DefaultJackson2ObjectMapperFactoryBeanInfo> (0x00000000db543458) thrown at [C:\jenkins\workspace\8-2-build-windows-amd64-cygwin\jdk8u251\737\hotspot\src\share\vm\clas
Event: 2.472 Thread 0x0000000002ff3800 Exception <a 'java/lang/ClassNotFoundException': io/restassured/path/json/mapper/factory/DefaultJackson2ObjectMapperFactoryCustomizer> (0x00000000db55b950) thrown at [C:\jenkins\workspace\8-2-build-windows-amd64-cygwin\jdk8u251\737\hotspot\src\share\vm\cl

Events (10 events):
Event: 2.722 loading class com/fasterxml/jackson/databind/ser/std/CollectionSerializer
Event: 2.722 loading class com/fasterxml/jackson/databind/ser/std/CollectionSerializer done
Event: 2.723 loading class com/fasterxml/jackson/databind/ser/impl/IndexedStringListSerializer
Event: 2.723 loading class com/fasterxml/jackson/databind/ser/impl/IndexedStringListSerializer done
Event: 2.723 loading class com/fasterxml/jackson/databind/ser/std/StaticListSerializerBase
Event: 2.723 loading class com/fasterxml/jackson/databind/ser/std/StaticListSerializerBase done
Event: 2.724 loading class com/fasterxml/jackson/databind/ser/impl/StringCollectionSerializer
Event: 2.724 loading class com/fasterxml/jackson/databind/ser/impl/StringCollectionSerializer done
Event: 2.724 loading class com/fasterxml/jackson/databind/ser/impl/StringArraySerializer
Event: 2.724 loading class com/fasterxml/jackson/databind/ser/impl/StringArraySerializer done


Dynamic libraries:
0x00007ff650af0000 - 0x00007ff650b27000 	C:\Program Files\Java\jre1.8.0_251\bin\javaw.exe
0x00007ff94e6d0000 - 0x00007ff94e8c5000 	C:\WINDOWS\SYSTEM32\ntdll.dll
0x00007ff94cf40000 - 0x00007ff94cffd000 	C:\WINDOWS\System32\KERNEL32.DLL
0x00007ff94bf70000 - 0x00007ff94c239000 	C:\WINDOWS\System32\KERNELBASE.dll
0x00007ff94e460000 - 0x00007ff94e50c000 	C:\WINDOWS\System32\ADVAPI32.dll
0x00007ff94e300000 - 0x00007ff94e39e000 	C:\WINDOWS\System32\msvcrt.dll
0x00007ff94e5f0000 - 0x00007ff94e68b000 	C:\WINDOWS\System32\sechost.dll
0x00007ff94d890000 - 0x00007ff94d9ba000 	C:\WINDOWS\System32\RPCRT4.dll
0x00007ff94cda0000 - 0x00007ff94cf40000 	C:\WINDOWS\System32\USER32.dll
0x00007ff94c4d0000 - 0x00007ff94c4f2000 	C:\WINDOWS\System32\win32u.dll
0x00007ff94c950000 - 0x00007ff94c97a000 	C:\WINDOWS\System32\GDI32.dll
0x00007ff94c320000 - 0x00007ff94c42b000 	C:\WINDOWS\System32\gdi32full.dll
0x00007ff94c430000 - 0x00007ff94c4cd000 	C:\WINDOWS\System32\msvcp_win.dll
0x00007ff94c560000 - 0x00007ff94c660000 	C:\WINDOWS\System32\ucrtbase.dll
0x00007ff93c0a0000 - 0x00007ff93c33a000 	C:\WINDOWS\WinSxS\amd64_microsoft.windows.common-controls_6595b64144ccf1df_6.0.19041.1110_none_60b5254171f9507e\COMCTL32.dll
0x00007ff94c9e0000 - 0x00007ff94ca10000 	C:\WINDOWS\System32\IMM32.DLL
0x000000006e980000 - 0x000000006ea52000 	C:\Program Files\Java\jre1.8.0_251\bin\msvcr100.dll
0x000000006eb40000 - 0x000000006f3eb000 	C:\Program Files\Java\jre1.8.0_251\bin\server\jvm.dll
0x00007ff94d130000 - 0x00007ff94d138000 	C:\WINDOWS\System32\PSAPI.DLL
0x00007ff935af0000 - 0x00007ff935b17000 	C:\WINDOWS\SYSTEM32\WINMM.dll
0x00007ff93d610000 - 0x00007ff93d61a000 	C:\WINDOWS\SYSTEM32\VERSION.dll
0x00007ff943b90000 - 0x00007ff943b99000 	C:\WINDOWS\SYSTEM32\WSOCK32.dll
0x00007ff94d9c0000 - 0x00007ff94da2b000 	C:\WINDOWS\System32\WS2_32.dll
0x00007ff946320000 - 0x00007ff94632f000 	C:\Program Files\Java\jre1.8.0_251\bin\verify.dll
0x00007ff93e090000 - 0x00007ff93e0b9000 	C:\Program Files\Java\jre1.8.0_251\bin\java.dll
0x00007ff93d680000 - 0x00007ff93d696000 	C:\Program Files\Java\jre1.8.0_251\bin\zip.dll
0x00007ff94da30000 - 0x00007ff94e16f000 	C:\WINDOWS\System32\SHELL32.dll
0x00007ff9496c0000 - 0x00007ff949e51000 	C:\WINDOWS\SYSTEM32\windows.storage.dll
0x00007ff94ca10000 - 0x00007ff94cd65000 	C:\WINDOWS\System32\combase.dll
0x00007ff94b7b0000 - 0x00007ff94b7dc000 	C:\WINDOWS\SYSTEM32\Wldp.dll
0x00007ff94d080000 - 0x00007ff94d12e000 	C:\WINDOWS\System32\SHCORE.dll
0x00007ff94e3a0000 - 0x00007ff94e3f5000 	C:\WINDOWS\System32\shlwapi.dll
0x00007ff94bd50000 - 0x00007ff94bd6f000 	C:\WINDOWS\SYSTEM32\profapi.dll
0x00007ff93d5f0000 - 0x00007ff93d60a000 	C:\Program Files\Java\jre1.8.0_251\bin\net.dll
0x00007ff94b510000 - 0x00007ff94b57a000 	C:\WINDOWS\system32\mswsock.dll
0x00007ff93bed0000 - 0x00007ff93bee2000 	C:\Program Files\Java\jre1.8.0_251\bin\nio.dll
0x00007ff94b700000 - 0x00007ff94b718000 	C:\WINDOWS\SYSTEM32\CRYPTSP.dll
0x00007ff94aeb0000 - 0x00007ff94aee4000 	C:\WINDOWS\system32\rsaenh.dll
0x00007ff94c710000 - 0x00007ff94c737000 	C:\WINDOWS\System32\bcrypt.dll
0x00007ff94bcd0000 - 0x00007ff94bcfe000 	C:\WINDOWS\SYSTEM32\USERENV.dll
0x00007ff94c240000 - 0x00007ff94c2c3000 	C:\WINDOWS\System32\bcryptprimitives.dll
0x00007ff94b6f0000 - 0x00007ff94b6fc000 	C:\WINDOWS\SYSTEM32\CRYPTBASE.dll
0x00007ff94b200000 - 0x00007ff94b23b000 	C:\WINDOWS\SYSTEM32\IPHLPAPI.DLL
0x00007ff94e170000 - 0x00007ff94e178000 	C:\WINDOWS\System32\NSI.dll
0x00007ff943160000 - 0x00007ff943177000 	C:\WINDOWS\SYSTEM32\dhcpcsvc6.DLL
0x00007ff943a20000 - 0x00007ff943a3d000 	C:\WINDOWS\SYSTEM32\dhcpcsvc.DLL
0x00007ff94b240000 - 0x00007ff94b30c000 	C:\WINDOWS\SYSTEM32\DNSAPI.dll

VM Arguments:
jvm_args: -ea -Dfile.encoding=UTF-8 
java_command: org.eclipse.jdt.internal.junit.runner.RemoteTestRunner -version 3 -port 64309 -testLoaderClass org.eclipse.jdt.internal.junit4.runner.JUnit4TestLoader -loaderpluginname org.eclipse.jdt.junit4.runtime -classNames cucumber.Options.TestRunner
java_class_path (initial): D:\Eclipse Project\APIFramework\WeatherStationAPI\target\test-classes;D:\Eclipse Project\APIFramework\WeatherStationAPI\target\classes;C:\Users\zcfly\Downloads\jackson-databind-2.13.0.jar;C:\Users\zcfly\.m2\repository\org\junit\jupiter\junit-jupiter-engine\5.7.1\junit-jupiter-engine-5.7.1.jar;C:\Users\zcfly\.m2\repository\org\apiguardian\apiguardian-api\1.1.0\apiguardian-api-1.1.0.jar;C:\Users\zcfly\.m2\repository\org\junit\platform\junit-platform-engine\1.7.1\junit-platform-engine-1.7.1.jar;C:\Users\zcfly\.m2\repository\org\opentest4j\opentest4j\1.2.0\opentest4j-1.2.0.jar;C:\Users\zcfly\.m2\repository\org\junit\platform\junit-platform-commons\1.7.1\junit-platform-commons-1.7.1.jar;C:\Users\zcfly\.m2\repository\org\junit\jupiter\junit-jupiter-api\5.7.1\junit-jupiter-api-5.7.1.jar;C:\Users\zcfly\.m2\repository\org\junit\jupiter\junit-jupiter-params\5.7.1\junit-jupiter-params-5.7.1.jar;C:\Users\zcfly\.m2\repository\io\cucumber\cucumber-java\7.0.0\cucumber-java-7.0.0.jar;C:\Users\zcfly\.m2\repository\io\cucumber\cucumber-core\7.0.0\cucumber-core-7.0.0.jar;C:\Users\zcfly\.m2\repository\io\cucumber\cucumber-gherkin\7.0.0\cucumber-gherkin-7.0.0.jar;C:\Users\zcfly\.m2\repository\io\cucumber\cucumber-gherkin-messages\7.0.0\cucumber-gherkin-messages-7.0.0.jar;C:\Users\zcfly\.m2\repository\io\cucumber\messages\17.1.1\messages-17.1.1.jar;C:\Users\zcfly\.m2\repository\io\cucumber\tag-expressions\4.0.2\tag-expressions-4.0.2.jar;C:\Users\zcfly\.m2\repository\io\cucumber\cucumber-expressions\13.0.1\cucumber-expressions-13.0.1.jar;C:\Users\zcfly\.m2\repository\io\cucumber\datatable\7.0.0\datatable-7.0.0.jar;C:\Users\zcfly\.m2\repository\io\cucumber\cucumber-plugin\7.0.0\cucumber-plugin-7.0.0.jar;C:\Users\zcfly\.m2\repository\io\cucumber\docstring\7.0.0\docstring-7.0.0.jar;C:\Users\zcfly\.m2\repository\io\cucumber\html-formatter\17.0.0\html-formatter-17.0.0.jar;C:\Users\zcfly\.m2\repository\io\cucumber\create-meta\6.0.1\create-meta-6.0.1.jar;C:\Users\zcf
Launcher Type: SUN_STANDARD

Environment Variables:
JAVA_HOME=C:\Program Files\Java\jdk-14.0.1
PATH=C:/Program Files/Java/jre1.8.0_251/bin/server;C:/Program Files/Java/jre1.8.0_251/bin;C:/Program Files/Java/jre1.8.0_251/lib/amd64;C:\Program Files (x86)\Common Files\Oracle\Java\javapath;C:\WINDOWS\system32;C:\WINDOWS;C:\WINDOWS\System32\Wbem;C:\WINDOWS\System32\WindowsPowerShell\v1.0\;C:\WINDOWS\System32\OpenSSH\;C:\Program Files\Java\jdk-14.0.1\bin;D:\Eclipse Project\webdriver;D:\Eclipse Project\apache-maven-3.6.3-bin\apache-maven-3.6.3\bin;C:\Program Files\Git\cmd;C:\Program Files\Git\bin;D:\Eclipse Project\gradle-6.5.1-all\gradle-6.5.1\bin;C:\Users\zcfly\AppData\Local\Programs\Python\Python38-32;C:\Users\zcfly\AppData\Local\Programs\Python\Python38-32\Scripts;;C:\Program Files\nodejs\;C:\Users\zcfly\AppData\Local\Microsoft\WindowsApps;C:\Users\zcfly\AppData\Local\Programs\Fiddler;C:\Users\zcfly\AppData\Roaming\npm;%USERPROFILE%\AppData\Local\Microsoft\WindowsApps;;C:\WINDOWS\system32;
USERNAME=zcfly
OS=Windows_NT
PROCESSOR_IDENTIFIER=AMD64 Family 23 Model 24 Stepping 1, AuthenticAMD



---------------  S Y S T E M  ---------------

OS: Windows 10.0 , 64 bit Build 19041 (10.0.19041.1023)

CPU:total 8 (initial active 8) (8 cores per cpu, 1 threads per core) family 23 model 24 stepping 1, cmov, cx8, fxsr, mmx, sse, sse2, sse3, ssse3, sse4.1, sse4.2, popcnt, avx, avx2, aes, clmul, mmxext, 3dnowpref, lzcnt, sse4a, tsc, tscinvbit, tscinv, bmi1

Memory: 4k page, physical 7274124k(553444k free), swap 29294220k(4288k free)

vm_info: Java HotSpot(TM) 64-Bit Server VM (25.251-b08) for windows-amd64 JRE (1.8.0_251-b08), built on Mar 12 2020 06:31:49 by "" with MS VC++ 10.0 (VS2010)

time: Sat Nov 06 16:06:18 2021
timezone: AUS Eastern Daylight Time
elapsed time: 2 seconds (0d 0h 0m 2s)

